{
  "RSpec": {
    "coverage": {
      "/home/essential-blogger-9957/tic-tac-toe-rb-ruby-apply-000/lib/tic_tac_toe.rb": [
        1,
        1,
        1,
        1,
        8,
        8,
        8,
        8,
        8,
        null,
        1,
        null,
        1,
        6,
        6,
        6,
        null,
        null,
        1,
        6,
        null,
        null,
        null,
        1,
        1,
        0,
        0,
        null,
        0,
        null,
        null,
        null,
        1,
        6,
        5,
        3,
        null,
        2,
        null,
        null,
        null,
        null,
        6,
        6,
        5,
        null,
        1,
        null,
        null,
        null,
        6,
        3,
        null,
        3,
        null,
        null,
        null,
        1,
        3,
        3,
        3,
        3,
        2,
        2,
        null,
        1,
        null,
        null,
        null,
        1,
        1,
        null,
        1,
        1,
        null,
        0,
        null,
        null,
        null,
        1,
        2,
        2,
        null,
        18,
        5,
        null,
        null,
        2,
        null,
        null,
        1,
        4,
        null,
        null,
        null,
        1,
        null,
        null,
        null,
        null,
        null,
        null,
        null,
        null,
        1,
        13,
        82,
        82,
        82,
        null,
        null,
        82,
        82,
        82,
        null,
        82,
        6,
        null,
        null,
        7,
        null,
        null,
        1,
        49,
        null,
        null,
        1,
        6,
        2,
        null,
        4,
        null,
        null,
        null,
        1,
        3,
        2,
        null,
        1,
        null,
        null,
        null,
        1,
        3,
        3,
        null,
        3,
        null,
        null,
        null,
        2,
        1,
        null,
        1,
        null,
        null,
        null
      ]
    },
    "timestamp": 1597102483
  }
}
