{
  "RSpec": {
    "coverage": {
      "/home/essential-blogger-9957/tic-tac-toe-rb-ruby-apply-000/lib/tic_tac_toe.rb": [
        1,
        1,
        1,
        1,
        31,
        31,
        31,
        31,
        31,
        null,
        null,
        1,
        47548,
        47548,
        47548,
        null,
        null,
        1,
        29,
        null,
        1,
        null,
        1,
        1,
        0,
        0,
        null,
        0,
        null,
        null,
        null,
        1,
        47548,
        28,
        26,
        null,
        2,
        null,
        null,
        null,
        null,
        47548,
        47548,
        28,
        null,
        47520,
        null,
        null,
        null,
        47548,
        26,
        null,
        47522,
        null,
        null,
        null,
        1,
        47555,
        47549,
        47545,
        47545,
        25,
        25,
        null,
        47520,
        null,
        null,
        null,
        1,
        12,
        12,
        35,
        35,
        null,
        null,
        null,
        1,
        1,
        null,
        1,
        1,
        null,
        0,
        null,
        null,
        null,
        1,
        2,
        2,
        null,
        18,
        5,
        null,
        null,
        2,
        null,
        null,
        1,
        4,
        null,
        null,
        null,
        1,
        null,
        null,
        null,
        null,
        null,
        null,
        null,
        null,
        1,
        13,
        82,
        82,
        82,
        null,
        null,
        82,
        82,
        82,
        null,
        82,
        6,
        null,
        null,
        7,
        null,
        null,
        1,
        49,
        null,
        null,
        1,
        6,
        2,
        null,
        4,
        null,
        null,
        null,
        1,
        3,
        2,
        null,
        1,
        null,
        null,
        null,
        1,
        3,
        3,
        null,
        3,
        null,
        null,
        null,
        2,
        1,
        null,
        1,
        null,
        null,
        null
      ]
    },
    "timestamp": 1597101832
  }
}
